Using pre-set license
Built from '2022.3/staging' branch; Version is '2022.3.10f1 (ff3792e53c62) revision 16725906'; Using compiler version '192829333'; Build Type 'Release'
OS: 'Windows 10  (10.0.19045) 64bit CoreSingleLanguage' Language: 'ru' Physical Memory: 8029 MB
BatchMode: 1, IsHumanControllingUs: 0, StartBugReporterOnCrash: 0, Is64bit: 1, IsPro: 1

COMMAND LINE ARGUMENTS:
C:\Program Files\Unity\Hub\Editor\2022.3.10f1\Editor\Unity.exe
-adb2
-batchMode
-noUpm
-name
AssetImportWorker1
-projectPath
C:/Users/skv-m/DevGames/Roll_Dice/Roll_Dice/Roll_Dice
-logFile
Logs/AssetImportWorker1.log
-srvPort
49162
Successfully changed project path to: C:/Users/skv-m/DevGames/Roll_Dice/Roll_Dice/Roll_Dice
C:/Users/skv-m/DevGames/Roll_Dice/Roll_Dice/Roll_Dice
[UnityMemory] Configuration Parameters - Can be set up in boot.config
    "memorysetup-bucket-allocator-granularity=16"
    "memorysetup-bucket-allocator-bucket-count=8"
    "memorysetup-bucket-allocator-block-size=33554432"
    "memorysetup-bucket-allocator-block-count=8"
    "memorysetup-main-allocator-block-size=16777216"
    "memorysetup-thread-allocator-block-size=16777216"
    "memorysetup-gfx-main-allocator-block-size=16777216"
    "memorysetup-gfx-thread-allocator-block-size=16777216"
    "memorysetup-cache-allocator-block-size=4194304"
    "memorysetup-typetree-allocator-block-size=2097152"
    "memorysetup-profiler-bucket-allocator-granularity=16"
    "memorysetup-profiler-bucket-allocator-bucket-count=8"
    "memorysetup-profiler-bucket-allocator-block-size=33554432"
    "memorysetup-profiler-bucket-allocator-block-count=8"
    "memorysetup-profiler-allocator-block-size=16777216"
    "memorysetup-profiler-editor-allocator-block-size=1048576"
    "memorysetup-temp-allocator-size-main=16777216"
    "memorysetup-job-temp-allocator-block-size=2097152"
    "memorysetup-job-temp-allocator-block-size-background=1048576"
    "memorysetup-job-temp-allocator-reduction-small-platforms=262144"
    "memorysetup-allocator-temp-initial-block-size-main=262144"
    "memorysetup-allocator-temp-initial-block-size-worker=262144"
    "memorysetup-temp-allocator-size-background-worker=32768"
    "memorysetup-temp-allocator-size-job-worker=262144"
    "memorysetup-temp-allocator-size-preload-manager=33554432"
    "memorysetup-temp-allocator-size-nav-mesh-worker=65536"
    "memorysetup-temp-allocator-size-audio-worker=65536"
    "memorysetup-temp-allocator-size-cloud-worker=32768"
    "memorysetup-temp-allocator-size-gi-baking-worker=262144"
    "memorysetup-temp-allocator-size-gfx=262144"
Player connection [11244] Host "[IP] 192.168.31.146 [Port] 0 [Flags] 2 [Guid] 3928563740 [EditorId] 3928563740 [Version] 1048832 [Id] WindowsEditor(7,LAPTOP-U34Q18F1) [Debug] 1 [PackageName] WindowsEditor [ProjectName] Editor" joined multi-casting on [225.0.0.222:54997]...

Player connection [11244] Host "[IP] 192.168.31.146 [Port] 0 [Flags] 2 [Guid] 3928563740 [EditorId] 3928563740 [Version] 1048832 [Id] WindowsEditor(7,LAPTOP-U34Q18F1) [Debug] 1 [PackageName] WindowsEditor [ProjectName] Editor" joined alternative multi-casting on [225.0.0.222:34997]...

[Physics::Module] Initialized MultithreadedJobDispatcher with 7 workers.
Refreshing native plugins compatible for Editor in 1781.88 ms, found 3 plugins.
Preloading 0 native plugins for Editor in 0.00 ms.
Initialize engine version: 2022.3.10f1 (ff3792e53c62)
[Subsystems] Discovering subsystems at path C:/Program Files/Unity/Hub/Editor/2022.3.10f1/Editor/Data/Resources/UnitySubsystems
[Subsystems] Discovering subsystems at path C:/Users/skv-m/DevGames/Roll_Dice/Roll_Dice/Roll_Dice/Assets
GfxDevice: creating device client; threaded=0; jobified=0
Direct3D:
    Version:  Direct3D 11.0 [level 11.1]
    Renderer: NVIDIA GeForce GTX 1650 Ti (ID=0x1f95)
    Vendor:   NVIDIA
    VRAM:     3962 MB
    Driver:   31.0.15.1640
Initialize mono
Mono path[0] = 'C:/Program Files/Unity/Hub/Editor/2022.3.10f1/Editor/Data/Managed'
Mono path[1] = 'C:/Program Files/Unity/Hub/Editor/2022.3.10f1/Editor/Data/MonoBleedingEdge/lib/mono/unityjit-win32'
Mono config path = 'C:/Program Files/Unity/Hub/Editor/2022.3.10f1/Editor/Data/MonoBleedingEdge/etc'
Using monoOptions --debugger-agent=transport=dt_socket,embedding=1,server=y,suspend=n,address=127.0.0.1:56536
Begin MonoManager ReloadAssembly
Registering precompiled unity dll's ...
Register platform support module: C:/Program Files/Unity/Hub/Editor/2022.3.10f1/Editor/Data/PlaybackEngines/AndroidPlayer/UnityEditor.Android.Extensions.dll
Register platform support module: C:/Program Files/Unity/Hub/Editor/2022.3.10f1/Editor/Data/PlaybackEngines/WindowsStandaloneSupport/UnityEditor.WindowsStandalone.Extensions.dll
Registered in 0.318350 seconds.
- Loaded All Assemblies, in  7.184 seconds
Native extension for WindowsStandalone target not found
Native extension for Android target not found
Android Extension - Scanning For ADB Devices 627 ms
Mono: successfully reloaded assembly
- Finished resetting the current domain, in  1.183 seconds
Domain Reload Profiling: 8365ms
	BeginReloadAssembly (4911ms)
		ExecutionOrderSort (0ms)
		DisableScriptedObjects (0ms)
		BackupInstance (0ms)
		ReleaseScriptingObjects (0ms)
		CreateAndSetChildDomain (1ms)
	RebuildCommonClasses (480ms)
	RebuildNativeTypeToScriptingClass (14ms)
	initialDomainReloadingComplete (394ms)
	LoadAllAssembliesAndSetupDomain (1382ms)
		LoadAssemblies (4904ms)
		RebuildTransferFunctionScriptingTraits (0ms)
		AnalyzeDomain (1377ms)
			TypeCache.Refresh (1375ms)
				TypeCache.ScanAssembly (1092ms)
			ScanForSourceGeneratedMonoScriptInfo (1ms)
			ResolveRequiredComponents (1ms)
	FinalizeReload (1184ms)
		ReleaseScriptCaches (0ms)
		RebuildScriptCaches (0ms)
		SetupLoadedEditorAssemblies (1103ms)
			LogAssemblyErrors (0ms)
			InitializePlatformSupportModulesInManaged (891ms)
			SetLoadedEditorAssemblies (6ms)
			RefreshPlugins (0ms)
			BeforeProcessingInitializeOnLoad (4ms)
			ProcessInitializeOnLoadAttributes (130ms)
			ProcessInitializeOnLoadMethodAttributes (72ms)
			AfterProcessingInitializeOnLoad (0ms)
			EditorAssembliesLoaded (0ms)
		ExecutionOrderSort2 (0ms)
		AwakeInstancesAfterBackupRestoration (0ms)
========================================================================
Worker process is ready to serve import requests
Begin MonoManager ReloadAssembly
- Loaded All Assemblies, in  6.474 seconds
Refreshing native plugins compatible for Editor in 3.78 ms, found 3 plugins.
Native extension for WindowsStandalone target not found
Native extension for Android target not found
Package Manager log level set to [2]
[Package Manager] Server::EnsureServerProcessIsRunning -- launch failed, reason: Unity was launched with the -noUpm command-line argument
[Package Manager] UpmClient::Send -- Unable to send message (not connected to UPM process).
[Package Manager] Cannot connect to Unity Package Manager local server
Mono: successfully reloaded assembly
- Finished resetting the current domain, in  0.767 seconds
Domain Reload Profiling: 7234ms
	BeginReloadAssembly (217ms)
		ExecutionOrderSort (0ms)
		DisableScriptedObjects (7ms)
		BackupInstance (0ms)
		ReleaseScriptingObjects (0ms)
		CreateAndSetChildDomain (30ms)
	RebuildCommonClasses (50ms)
	RebuildNativeTypeToScriptingClass (15ms)
	initialDomainReloadingComplete (64ms)
	LoadAllAssembliesAndSetupDomain (6119ms)
		LoadAssemblies (5488ms)
		RebuildTransferFunctionScriptingTraits (0ms)
		AnalyzeDomain (756ms)
			TypeCache.Refresh (735ms)
				TypeCache.ScanAssembly (668ms)
			ScanForSourceGeneratedMonoScriptInfo (15ms)
			ResolveRequiredComponents (5ms)
	FinalizeReload (768ms)
		ReleaseScriptCaches (0ms)
		RebuildScriptCaches (0ms)
		SetupLoadedEditorAssemblies (582ms)
			LogAssemblyErrors (0ms)
			InitializePlatformSupportModulesInManaged (33ms)
			SetLoadedEditorAssemblies (6ms)
			RefreshPlugins (0ms)
			BeforeProcessingInitializeOnLoad (108ms)
			ProcessInitializeOnLoadAttributes (403ms)
			ProcessInitializeOnLoadMethodAttributes (22ms)
			AfterProcessingInitializeOnLoad (12ms)
			EditorAssembliesLoaded (0ms)
		ExecutionOrderSort2 (0ms)
		AwakeInstancesAfterBackupRestoration (7ms)
Launched and connected shader compiler UnityShaderCompiler.exe after 0.07 seconds
Refreshing native plugins compatible for Editor in 6.12 ms, found 3 plugins.
Preloading 0 native plugins for Editor in 0.00 ms.
Unloading 3076 Unused Serialized files (Serialized files now loaded: 0)
Unloading 31 unused Assets / (56.7 KB). Loaded Objects now: 3542.
Memory consumption went from 119.8 MB to 119.7 MB.
Total: 6.042900 ms (FindLiveObjects: 0.424400 ms CreateObjectMapping: 0.196400 ms MarkObjects: 5.305900 ms  DeleteObjects: 0.115100 ms)

AssetImportParameters requested are different than current active one (requested -> active):
  custom:container-demuxer-ogg: 62fdf1f143b41e24485cea50d1cbac27 -> 
  custom:video-decoder-ogg-theora: a1e56fd34408186e4bbccfd4996cb3dc -> 
  custom:framework-win-MediaFoundation: 216162199b28c13a410421893ffa2e32 -> 
  custom:CustomObjectIndexerAttribute: 756ad292c208cfabdd7b50bc23989ffe -> 
  custom:container-demuxer-webm: 4f35f7cbe854078d1ac9338744f61a02 -> 
  custom:container-muxer-webm: aa71ff27fc2769a1b78a27578f13a17b -> 
  custom:video-decoder-webm-vp8: 9c59270c3fd7afecdb556c50c9e8de78 -> 
  custom:SearchIndexIgnoredProperties: e643bd26f0fe6173181afceb89e7c659 -> 
  custom:AudioImporter_EditorPlatform: d09bf68614088b80899f8185d706f6e7 -> 
  custom:video-encoder-webm-vp8: eb34c28f22e8b96e1ab97ce403110664 -> 
  custom:audio-decoder-ogg-vorbis: bf7c407c2cedff20999df2af8eb42d56 -> 
  custom:audio-encoder-webm-vorbis: bf7c407c2cedff20999df2af8eb42d56 -> 
========================================================================
Received Import Request.
  Time since last request: 664070.455732 seconds.
  path: Assets/TextMesh Pro/Resources/Fonts & Materials/LiberationSans SDF - Drop Shadow.mat
  artifactKey: Guid(e73a58f6e2794ae7b1b7e50b7fb811b0) Importer(815301076,1909f56bfc062723c751e8b465ee728b)
Start importing Assets/TextMesh Pro/Resources/Fonts & Materials/LiberationSans SDF - Drop Shadow.mat using Guid(e73a58f6e2794ae7b1b7e50b7fb811b0) Importer(815301076,1909f56bfc062723c751e8b465ee728b)  -> (artifact id: '6be8b359add92d76f63201bbd3c330a4') in 0.653272 seconds
Number of updated asset objects reloaded before import = 0
Number of asset objects unloaded after import = 3
========================================================================
Received Prepare
Begin MonoManager ReloadAssembly
- Loaded All Assemblies, in  1.577 seconds
Refreshing native plugins compatible for Editor in 4.53 ms, found 3 plugins.
Native extension for WindowsStandalone target not found
Native extension for Android target not found
[Package Manager] Server::EnsureServerProcessIsRunning -- launch failed, reason: Unity was launched with the -noUpm command-line argument
[Package Manager] UpmClient::Send -- Unable to send message (not connected to UPM process).
[Package Manager] Cannot connect to Unity Package Manager local server
Mono: successfully reloaded assembly
- Finished resetting the current domain, in  2.233 seconds
Domain Reload Profiling: 3806ms
	BeginReloadAssembly (644ms)
		ExecutionOrderSort (0ms)
		DisableScriptedObjects (18ms)
		BackupInstance (0ms)
		ReleaseScriptingObjects (1ms)
		CreateAndSetChildDomain (319ms)
	RebuildCommonClasses (51ms)
	RebuildNativeTypeToScriptingClass (17ms)
	initialDomainReloadingComplete (56ms)
	LoadAllAssembliesAndSetupDomain (804ms)
		LoadAssemblies (977ms)
		RebuildTransferFunctionScriptingTraits (0ms)
		AnalyzeDomain (31ms)
			TypeCache.Refresh (18ms)
				TypeCache.ScanAssembly (0ms)
			ScanForSourceGeneratedMonoScriptInfo (0ms)
			ResolveRequiredComponents (12ms)
	FinalizeReload (2234ms)
		ReleaseScriptCaches (0ms)
		RebuildScriptCaches (0ms)
		SetupLoadedEditorAssemblies (706ms)
			LogAssemblyErrors (0ms)
			InitializePlatformSupportModulesInManaged (56ms)
			SetLoadedEditorAssemblies (8ms)
			RefreshPlugins (0ms)
			BeforeProcessingInitializeOnLoad (148ms)
			ProcessInitializeOnLoadAttributes (449ms)
			ProcessInitializeOnLoadMethodAttributes (31ms)
			AfterProcessingInitializeOnLoad (14ms)
			EditorAssembliesLoaded (0ms)
		ExecutionOrderSort2 (0ms)
		AwakeInstancesAfterBackupRestoration (10ms)
Refreshing native plugins compatible for Editor in 4.01 ms, found 3 plugins.
Preloading 0 native plugins for Editor in 0.00 ms.
Unloading 3080 Unused Serialized files (Serialized files now loaded: 0)
Unloading 34 unused Assets / (0.7 MB). Loaded Objects now: 3586.
Memory consumption went from 122.3 MB to 121.6 MB.
Total: 6.078100 ms (FindLiveObjects: 0.347200 ms CreateObjectMapping: 0.256900 ms MarkObjects: 4.930100 ms  DeleteObjects: 0.542900 ms)

Prepare: number of updated asset objects reloaded= 0
AssetImportParameters requested are different than current active one (requested -> active):
  custom:container-demuxer-ogg: 62fdf1f143b41e24485cea50d1cbac27 -> 
  custom:video-decoder-ogg-theora: a1e56fd34408186e4bbccfd4996cb3dc -> 
  custom:framework-win-MediaFoundation: 216162199b28c13a410421893ffa2e32 -> 
  custom:CustomObjectIndexerAttribute: 756ad292c208cfabdd7b50bc23989ffe -> 
  custom:container-demuxer-webm: 4f35f7cbe854078d1ac9338744f61a02 -> 
  custom:container-muxer-webm: aa71ff27fc2769a1b78a27578f13a17b -> 
  custom:video-decoder-webm-vp8: 9c59270c3fd7afecdb556c50c9e8de78 -> 
  custom:SearchIndexIgnoredProperties: e643bd26f0fe6173181afceb89e7c659 -> 
  custom:AudioImporter_EditorPlatform: d09bf68614088b80899f8185d706f6e7 -> 
  custom:video-encoder-webm-vp8: eb34c28f22e8b96e1ab97ce403110664 -> 
  custom:audio-decoder-ogg-vorbis: bf7c407c2cedff20999df2af8eb42d56 -> 
  custom:audio-encoder-webm-vorbis: bf7c407c2cedff20999df2af8eb42d56 -> 
========================================================================
Received Import Request.
  Time since last request: 1835.481999 seconds.
  path: Assets/Collection Dice set for role-playing games/Dice_d20/Materials/2k/d20 Plastic Glossy Pure red 2k.mat
  artifactKey: Guid(b020f93ac3ff76448b73edf1638a10b8) Importer(815301076,1909f56bfc062723c751e8b465ee728b)
Start importing Assets/Collection Dice set for role-playing games/Dice_d20/Materials/2k/d20 Plastic Glossy Pure red 2k.mat using Guid(b020f93ac3ff76448b73edf1638a10b8) Importer(815301076,1909f56bfc062723c751e8b465ee728b)  -> (artifact id: '4837e62cb18f67c5ec2765011bcef20c') in 0.475770 seconds
Number of updated asset objects reloaded before import = 0
Number of asset objects unloaded after import = 7
========================================================================
Received Import Request.
  Time since last request: 1955.441657 seconds.
  path: Assets/Collection Dice set for role-playing games/Dice_d20/Textures/2k/Plastic Glossy Pure write/Dice_d20_LP_AO.png
  artifactKey: Guid(10ed7db27b077704ebc6003fd548a8b7) Importer(815301076,1909f56bfc062723c751e8b465ee728b)
Start importing Assets/Collection Dice set for role-playing games/Dice_d20/Textures/2k/Plastic Glossy Pure write/Dice_d20_LP_AO.png using Guid(10ed7db27b077704ebc6003fd548a8b7) Importer(815301076,1909f56bfc062723c751e8b465ee728b)  -> (artifact id: '32d75476c0eae44a0a14acc9f740dffa') in 0.166219 seconds
Number of updated asset objects reloaded before import = 0
Number of asset objects unloaded after import = 2
========================================================================
Received Import Request.
  Time since last request: 268.973956 seconds.
  path: Assets/Collection Dice set for role-playing games/Dice_d20/Textures/2k/Plastic Glossy Pure blue/Dice_d20_LP_AO.png
  artifactKey: Guid(02945e32aa86ac34396c396494810032) Importer(815301076,1909f56bfc062723c751e8b465ee728b)
Start importing Assets/Collection Dice set for role-playing games/Dice_d20/Textures/2k/Plastic Glossy Pure blue/Dice_d20_LP_AO.png using Guid(02945e32aa86ac34396c396494810032) Importer(815301076,1909f56bfc062723c751e8b465ee728b)  -> (artifact id: '2d36b55ce65ca003fdbc5aca38052544') in 0.059926 seconds
Number of updated asset objects reloaded before import = 0
Number of asset objects unloaded after import = 2
========================================================================
Received Import Request.
  Time since last request: 0.000028 seconds.
  path: Assets/Collection Dice set for role-playing games/Dice_d20/Textures/2k/Plastic Glossy Pure blue/Dice_d20_LP_Metallic.png
  artifactKey: Guid(4f8444eff61dc2d44b04a741e5527227) Importer(815301076,1909f56bfc062723c751e8b465ee728b)
Start importing Assets/Collection Dice set for role-playing games/Dice_d20/Textures/2k/Plastic Glossy Pure blue/Dice_d20_LP_Metallic.png using Guid(4f8444eff61dc2d44b04a741e5527227) Importer(815301076,1909f56bfc062723c751e8b465ee728b)  -> (artifact id: '607245677b0de2d992cdae9ea6bfa47e') in 0.036229 seconds
Number of updated asset objects reloaded before import = 0
Number of asset objects unloaded after import = 2
========================================================================
Received Import Request.
  Time since last request: 0.000058 seconds.
  path: Assets/Collection Dice set for role-playing games/Dice_d20/Textures/2k/Plastic Glossy Pure blue/Dice_d20_LP_Normal.png
  artifactKey: Guid(81e76c0b974f53a4f8541bf073a81c10) Importer(815301076,1909f56bfc062723c751e8b465ee728b)
Start importing Assets/Collection Dice set for role-playing games/Dice_d20/Textures/2k/Plastic Glossy Pure blue/Dice_d20_LP_Normal.png using Guid(81e76c0b974f53a4f8541bf073a81c10) Importer(815301076,1909f56bfc062723c751e8b465ee728b)  -> (artifact id: '51cfbaf6f86bcfd569df85e4ad0ad1ca') in 0.057711 seconds
Number of updated asset objects reloaded before import = 0
Number of asset objects unloaded after import = 2
========================================================================
Received Import Request.
  Time since last request: 94.650255 seconds.
  path: Assets/Collection Dice set for role-playing games/Dice_d20/Textures/512/Plastic Glossy Pure write/Dice_d20_LP_AO.png
  artifactKey: Guid(643374e6ea09a6f4b962fb73dc8721ac) Importer(815301076,1909f56bfc062723c751e8b465ee728b)
Start importing Assets/Collection Dice set for role-playing games/Dice_d20/Textures/512/Plastic Glossy Pure write/Dice_d20_LP_AO.png using Guid(643374e6ea09a6f4b962fb73dc8721ac) Importer(815301076,1909f56bfc062723c751e8b465ee728b)  -> (artifact id: '05c1c4e3f15500ac61dbcf9c2e0c166d') in 0.052802 seconds
Number of updated asset objects reloaded before import = 0
Number of asset objects unloaded after import = 2
========================================================================
Received Import Request.
  Time since last request: 0.000021 seconds.
  path: Assets/Collection Dice set for role-playing games/Dice_d20/Textures/512/Plastic Glossy Pure write/Dice_d20_LP_Metallic.png
  artifactKey: Guid(cc73f83b4c31fd3418a47f8d734646d6) Importer(815301076,1909f56bfc062723c751e8b465ee728b)
Start importing Assets/Collection Dice set for role-playing games/Dice_d20/Textures/512/Plastic Glossy Pure write/Dice_d20_LP_Metallic.png using Guid(cc73f83b4c31fd3418a47f8d734646d6) Importer(815301076,1909f56bfc062723c751e8b465ee728b)  -> (artifact id: 'e0919fe8b858d732766747e622c52567') in 0.035151 seconds
Number of updated asset objects reloaded before import = 0
Number of asset objects unloaded after import = 2
========================================================================
Received Import Request.
  Time since last request: 0.000017 seconds.
  path: Assets/Collection Dice set for role-playing games/Dice_d20/Textures/512/Plastic Glossy Pure write/Dice_d20_LP_Height.png
  artifactKey: Guid(2e6088f334ae3d246b758f2329a48e0a) Importer(815301076,1909f56bfc062723c751e8b465ee728b)
Start importing Assets/Collection Dice set for role-playing games/Dice_d20/Textures/512/Plastic Glossy Pure write/Dice_d20_LP_Height.png using Guid(2e6088f334ae3d246b758f2329a48e0a) Importer(815301076,1909f56bfc062723c751e8b465ee728b)  -> (artifact id: 'f5445577f3c5de191b62ff4ff1328067') in 0.036651 seconds
Number of updated asset objects reloaded before import = 0
Number of asset objects unloaded after import = 2
========================================================================
Received Import Request.
  Time since last request: 89.992864 seconds.
  path: Assets/Dice_d20/Dice_prefab.prefab
  artifactKey: Guid(78ee2af48c37ffa409b99fdd19a582e8) Importer(815301076,1909f56bfc062723c751e8b465ee728b)
Start importing Assets/Dice_d20/Dice_prefab.prefab using Guid(78ee2af48c37ffa409b99fdd19a582e8) Importer(815301076,1909f56bfc062723c751e8b465ee728b)  -> (artifact id: '85965a94bc383f7e8f097d7f0289ca36') in 0.128709 seconds
Number of updated asset objects reloaded before import = 0
Number of asset objects unloaded after import = 15
========================================================================
Received Import Request.
  Time since last request: 5.169076 seconds.
  path: Assets/Dice_d20/Dice_prefab.prefab
  artifactKey: Guid(78ee2af48c37ffa409b99fdd19a582e8) Importer(815301076,1909f56bfc062723c751e8b465ee728b)
Start importing Assets/Dice_d20/Dice_prefab.prefab using Guid(78ee2af48c37ffa409b99fdd19a582e8) Importer(815301076,1909f56bfc062723c751e8b465ee728b)  -> (artifact id: '1b35023853238f89c14d8d43321d2fb8') in 0.030384 seconds
Number of updated asset objects reloaded before import = 0
Number of asset objects unloaded after import = 15
