Using pre-set license
Built from '2022.3/staging' branch; Version is '2022.3.10f1 (ff3792e53c62) revision 16725906'; Using compiler version '192829333'; Build Type 'Release'
OS: 'Windows 10  (10.0.19045) 64bit CoreSingleLanguage' Language: 'ru' Physical Memory: 8029 MB
BatchMode: 1, IsHumanControllingUs: 0, StartBugReporterOnCrash: 0, Is64bit: 1, IsPro: 1

COMMAND LINE ARGUMENTS:
C:\Program Files\Unity\Hub\Editor\2022.3.10f1\Editor\Unity.exe
-adb2
-batchMode
-noUpm
-name
AssetImportWorker0
-projectPath
C:/Users/skv-m/DevGames/Roll_Dice/Roll_Dice/Roll_Dice
-logFile
Logs/AssetImportWorker0.log
-srvPort
49162
Successfully changed project path to: C:/Users/skv-m/DevGames/Roll_Dice/Roll_Dice/Roll_Dice
C:/Users/skv-m/DevGames/Roll_Dice/Roll_Dice/Roll_Dice
[UnityMemory] Configuration Parameters - Can be set up in boot.config
    "memorysetup-bucket-allocator-granularity=16"
    "memorysetup-bucket-allocator-bucket-count=8"
    "memorysetup-bucket-allocator-block-size=33554432"
    "memorysetup-bucket-allocator-block-count=8"
    "memorysetup-main-allocator-block-size=16777216"
    "memorysetup-thread-allocator-block-size=16777216"
    "memorysetup-gfx-main-allocator-block-size=16777216"
    "memorysetup-gfx-thread-allocator-block-size=16777216"
    "memorysetup-cache-allocator-block-size=4194304"
    "memorysetup-typetree-allocator-block-size=2097152"
    "memorysetup-profiler-bucket-allocator-granularity=16"
    "memorysetup-profiler-bucket-allocator-bucket-count=8"
    "memorysetup-profiler-bucket-allocator-block-size=33554432"
    "memorysetup-profiler-bucket-allocator-block-count=8"
    "memorysetup-profiler-allocator-block-size=16777216"
    "memorysetup-profiler-editor-allocator-block-size=1048576"
    "memorysetup-temp-allocator-size-main=16777216"
    "memorysetup-job-temp-allocator-block-size=2097152"
    "memorysetup-job-temp-allocator-block-size-background=1048576"
    "memorysetup-job-temp-allocator-reduction-small-platforms=262144"
    "memorysetup-allocator-temp-initial-block-size-main=262144"
    "memorysetup-allocator-temp-initial-block-size-worker=262144"
    "memorysetup-temp-allocator-size-background-worker=32768"
    "memorysetup-temp-allocator-size-job-worker=262144"
    "memorysetup-temp-allocator-size-preload-manager=33554432"
    "memorysetup-temp-allocator-size-nav-mesh-worker=65536"
    "memorysetup-temp-allocator-size-audio-worker=65536"
    "memorysetup-temp-allocator-size-cloud-worker=32768"
    "memorysetup-temp-allocator-size-gi-baking-worker=262144"
    "memorysetup-temp-allocator-size-gfx=262144"
Player connection [9012] Host "[IP] 192.168.31.146 [Port] 0 [Flags] 2 [Guid] 1589213372 [EditorId] 1589213372 [Version] 1048832 [Id] WindowsEditor(7,LAPTOP-U34Q18F1) [Debug] 1 [PackageName] WindowsEditor [ProjectName] Editor" joined multi-casting on [225.0.0.222:54997]...

Player connection [9012] Host "[IP] 192.168.31.146 [Port] 0 [Flags] 2 [Guid] 1589213372 [EditorId] 1589213372 [Version] 1048832 [Id] WindowsEditor(7,LAPTOP-U34Q18F1) [Debug] 1 [PackageName] WindowsEditor [ProjectName] Editor" joined alternative multi-casting on [225.0.0.222:34997]...

[Physics::Module] Initialized MultithreadedJobDispatcher with 7 workers.
Refreshing native plugins compatible for Editor in 1776.06 ms, found 3 plugins.
Preloading 0 native plugins for Editor in 0.00 ms.
Initialize engine version: 2022.3.10f1 (ff3792e53c62)
[Subsystems] Discovering subsystems at path C:/Program Files/Unity/Hub/Editor/2022.3.10f1/Editor/Data/Resources/UnitySubsystems
[Subsystems] Discovering subsystems at path C:/Users/skv-m/DevGames/Roll_Dice/Roll_Dice/Roll_Dice/Assets
GfxDevice: creating device client; threaded=0; jobified=0
Direct3D:
    Version:  Direct3D 11.0 [level 11.1]
    Renderer: NVIDIA GeForce GTX 1650 Ti (ID=0x1f95)
    Vendor:   NVIDIA
    VRAM:     3962 MB
    Driver:   31.0.15.1640
Initialize mono
Mono path[0] = 'C:/Program Files/Unity/Hub/Editor/2022.3.10f1/Editor/Data/Managed'
Mono path[1] = 'C:/Program Files/Unity/Hub/Editor/2022.3.10f1/Editor/Data/MonoBleedingEdge/lib/mono/unityjit-win32'
Mono config path = 'C:/Program Files/Unity/Hub/Editor/2022.3.10f1/Editor/Data/MonoBleedingEdge/etc'
Using monoOptions --debugger-agent=transport=dt_socket,embedding=1,server=y,suspend=n,address=127.0.0.1:56088
Begin MonoManager ReloadAssembly
Registering precompiled unity dll's ...
Register platform support module: C:/Program Files/Unity/Hub/Editor/2022.3.10f1/Editor/Data/PlaybackEngines/AndroidPlayer/UnityEditor.Android.Extensions.dll
Register platform support module: C:/Program Files/Unity/Hub/Editor/2022.3.10f1/Editor/Data/PlaybackEngines/WindowsStandaloneSupport/UnityEditor.WindowsStandalone.Extensions.dll
Registered in 0.318615 seconds.
- Loaded All Assemblies, in  7.178 seconds
Native extension for WindowsStandalone target not found
Native extension for Android target not found
Android Extension - Scanning For ADB Devices 627 ms
Mono: successfully reloaded assembly
- Finished resetting the current domain, in  1.185 seconds
Domain Reload Profiling: 8361ms
	BeginReloadAssembly (4911ms)
		ExecutionOrderSort (0ms)
		DisableScriptedObjects (0ms)
		BackupInstance (0ms)
		ReleaseScriptingObjects (0ms)
		CreateAndSetChildDomain (1ms)
	RebuildCommonClasses (480ms)
	RebuildNativeTypeToScriptingClass (13ms)
	initialDomainReloadingComplete (394ms)
	LoadAllAssembliesAndSetupDomain (1376ms)
		LoadAssemblies (4904ms)
		RebuildTransferFunctionScriptingTraits (0ms)
		AnalyzeDomain (1372ms)
			TypeCache.Refresh (1370ms)
				TypeCache.ScanAssembly (1092ms)
			ScanForSourceGeneratedMonoScriptInfo (1ms)
			ResolveRequiredComponents (1ms)
	FinalizeReload (1186ms)
		ReleaseScriptCaches (0ms)
		RebuildScriptCaches (0ms)
		SetupLoadedEditorAssemblies (1101ms)
			LogAssemblyErrors (0ms)
			InitializePlatformSupportModulesInManaged (892ms)
			SetLoadedEditorAssemblies (5ms)
			RefreshPlugins (0ms)
			BeforeProcessingInitializeOnLoad (4ms)
			ProcessInitializeOnLoadAttributes (130ms)
			ProcessInitializeOnLoadMethodAttributes (70ms)
			AfterProcessingInitializeOnLoad (0ms)
			EditorAssembliesLoaded (0ms)
		ExecutionOrderSort2 (0ms)
		AwakeInstancesAfterBackupRestoration (0ms)
========================================================================
Worker process is ready to serve import requests
Begin MonoManager ReloadAssembly
- Loaded All Assemblies, in  6.473 seconds
Refreshing native plugins compatible for Editor in 3.74 ms, found 3 plugins.
Native extension for WindowsStandalone target not found
Native extension for Android target not found
Package Manager log level set to [2]
[Package Manager] Server::EnsureServerProcessIsRunning -- launch failed, reason: Unity was launched with the -noUpm command-line argument
[Package Manager] UpmClient::Send -- Unable to send message (not connected to UPM process).
[Package Manager] Cannot connect to Unity Package Manager local server
Mono: successfully reloaded assembly
- Finished resetting the current domain, in  0.765 seconds
Domain Reload Profiling: 7235ms
	BeginReloadAssembly (229ms)
		ExecutionOrderSort (0ms)
		DisableScriptedObjects (7ms)
		BackupInstance (0ms)
		ReleaseScriptingObjects (0ms)
		CreateAndSetChildDomain (33ms)
	RebuildCommonClasses (50ms)
	RebuildNativeTypeToScriptingClass (21ms)
	initialDomainReloadingComplete (62ms)
	LoadAllAssembliesAndSetupDomain (6108ms)
		LoadAssemblies (5475ms)
		RebuildTransferFunctionScriptingTraits (0ms)
		AnalyzeDomain (756ms)
			TypeCache.Refresh (733ms)
				TypeCache.ScanAssembly (666ms)
			ScanForSourceGeneratedMonoScriptInfo (17ms)
			ResolveRequiredComponents (4ms)
	FinalizeReload (766ms)
		ReleaseScriptCaches (0ms)
		RebuildScriptCaches (0ms)
		SetupLoadedEditorAssemblies (553ms)
			LogAssemblyErrors (0ms)
			InitializePlatformSupportModulesInManaged (30ms)
			SetLoadedEditorAssemblies (6ms)
			RefreshPlugins (0ms)
			BeforeProcessingInitializeOnLoad (103ms)
			ProcessInitializeOnLoadAttributes (382ms)
			ProcessInitializeOnLoadMethodAttributes (20ms)
			AfterProcessingInitializeOnLoad (11ms)
			EditorAssembliesLoaded (0ms)
		ExecutionOrderSort2 (0ms)
		AwakeInstancesAfterBackupRestoration (8ms)
Launched and connected shader compiler UnityShaderCompiler.exe after 0.07 seconds
Refreshing native plugins compatible for Editor in 6.16 ms, found 3 plugins.
Preloading 0 native plugins for Editor in 0.00 ms.
Unloading 3076 Unused Serialized files (Serialized files now loaded: 0)
Unloading 31 unused Assets / (56.7 KB). Loaded Objects now: 3542.
Memory consumption went from 119.8 MB to 119.7 MB.
Total: 3.346100 ms (FindLiveObjects: 0.253900 ms CreateObjectMapping: 0.177500 ms MarkObjects: 2.806800 ms  DeleteObjects: 0.107400 ms)

AssetImportParameters requested are different than current active one (requested -> active):
  custom:container-demuxer-ogg: 62fdf1f143b41e24485cea50d1cbac27 -> 
  custom:video-decoder-ogg-theora: a1e56fd34408186e4bbccfd4996cb3dc -> 
  custom:framework-win-MediaFoundation: 216162199b28c13a410421893ffa2e32 -> 
  custom:CustomObjectIndexerAttribute: 756ad292c208cfabdd7b50bc23989ffe -> 
  custom:container-demuxer-webm: 4f35f7cbe854078d1ac9338744f61a02 -> 
  custom:container-muxer-webm: aa71ff27fc2769a1b78a27578f13a17b -> 
  custom:video-decoder-webm-vp8: 9c59270c3fd7afecdb556c50c9e8de78 -> 
  custom:SearchIndexIgnoredProperties: e643bd26f0fe6173181afceb89e7c659 -> 
  custom:AudioImporter_EditorPlatform: d09bf68614088b80899f8185d706f6e7 -> 
  custom:video-encoder-webm-vp8: eb34c28f22e8b96e1ab97ce403110664 -> 
  custom:audio-decoder-ogg-vorbis: bf7c407c2cedff20999df2af8eb42d56 -> 
  custom:audio-encoder-webm-vorbis: bf7c407c2cedff20999df2af8eb42d56 -> 
========================================================================
Received Import Request.
  Time since last request: 662540.550289 seconds.
  path: Assets/Scenes/Background_image.jpg
  artifactKey: Guid(cc0f4e594764b6847af07ce665dee1ec) Importer(815301076,1909f56bfc062723c751e8b465ee728b)
Start importing Assets/Scenes/Background_image.jpg using Guid(cc0f4e594764b6847af07ce665dee1ec) Importer(815301076,1909f56bfc062723c751e8b465ee728b)  -> (artifact id: '6c3b821467219857ac8467c1cb47e1d9') in 0.093127 seconds
Number of updated asset objects reloaded before import = 0
Number of asset objects unloaded after import = 3
========================================================================
Received Import Request.
  Time since last request: 1422.915021 seconds.
  path: Assets
  artifactKey: Guid(00000000000000001000000000000000) Importer(815301076,1909f56bfc062723c751e8b465ee728b)
Start importing Assets using Guid(00000000000000001000000000000000) Importer(815301076,1909f56bfc062723c751e8b465ee728b)  -> (artifact id: '8a4fe85251aa2e89732c359432baa2c3') in 0.026410 seconds
Number of updated asset objects reloaded before import = 0
Number of asset objects unloaded after import = 0
========================================================================
Received Import Request.
  Time since last request: 5.564962 seconds.
  path: Assets/Sprites
  artifactKey: Guid(9d1372e1ded883f4699862787a7b6760) Importer(815301076,1909f56bfc062723c751e8b465ee728b)
Start importing Assets/Sprites using Guid(9d1372e1ded883f4699862787a7b6760) Importer(815301076,1909f56bfc062723c751e8b465ee728b)  -> (artifact id: 'e985248dc348518fd2d8ff0bd26998f2') in 0.001120 seconds
Number of updated asset objects reloaded before import = 0
Number of asset objects unloaded after import = 0
========================================================================
Received Import Request.
  Time since last request: 7.408456 seconds.
  path: Assets/Sprites/Background_image_02.jpg
  artifactKey: Guid(c29d7a96fd38ebf40a9b0e9e91c1b932) Importer(815301076,1909f56bfc062723c751e8b465ee728b)
Start importing Assets/Sprites/Background_image_02.jpg using Guid(c29d7a96fd38ebf40a9b0e9e91c1b932) Importer(815301076,1909f56bfc062723c751e8b465ee728b)  -> (artifact id: 'e050596c7d0e3b4accefc357e74cceb2') in 0.263536 seconds
Number of updated asset objects reloaded before import = 0
Number of asset objects unloaded after import = 2
========================================================================
Received Import Request.
  Time since last request: 4.590190 seconds.
  path: Assets/Sprites/Background_image_02.jpg
  artifactKey: Guid(c29d7a96fd38ebf40a9b0e9e91c1b932) Importer(815301076,1909f56bfc062723c751e8b465ee728b)
Start importing Assets/Sprites/Background_image_02.jpg using Guid(c29d7a96fd38ebf40a9b0e9e91c1b932) Importer(815301076,1909f56bfc062723c751e8b465ee728b)  -> (artifact id: 'b131add63c872eeb1fb6d225c9a1ed0a') in 0.048067 seconds
Number of updated asset objects reloaded before import = 0
Number of asset objects unloaded after import = 3
========================================================================
Received Import Request.
  Time since last request: 71.679847 seconds.
  path: Assets/Fonts
  artifactKey: Guid(c766aa10254bd424fa49aaf281c1eaf6) Importer(815301076,1909f56bfc062723c751e8b465ee728b)
Start importing Assets/Fonts using Guid(c766aa10254bd424fa49aaf281c1eaf6) Importer(815301076,1909f56bfc062723c751e8b465ee728b)  -> (artifact id: '668c90240b144ada193ffd589bf57b18') in 0.001360 seconds
Number of updated asset objects reloaded before import = 0
Number of asset objects unloaded after import = 0
========================================================================
Received Import Request.
  Time since last request: 3.571714 seconds.
  path: Assets/Fonts/RubikWetPaint-Regular.ttf
  artifactKey: Guid(0fdbf452fd5ba464eae9733036c0db7b) Importer(815301076,1909f56bfc062723c751e8b465ee728b)
Start importing Assets/Fonts/RubikWetPaint-Regular.ttf using Guid(0fdbf452fd5ba464eae9733036c0db7b) Importer(815301076,1909f56bfc062723c751e8b465ee728b)  -> (artifact id: 'e0ee5caf95d56a096f3af85e2af19322') in 0.366182 seconds
Number of updated asset objects reloaded before import = 0
Number of asset objects unloaded after import = 4
========================================================================
Received Import Request.
  Time since last request: 13.339007 seconds.
  path: Assets/TextMesh Pro/Resources/Fonts & Materials/LiberationSans SDF.asset
  artifactKey: Guid(8f586378b4e144a9851e7b34d9b748ee) Importer(815301076,1909f56bfc062723c751e8b465ee728b)
Start importing Assets/TextMesh Pro/Resources/Fonts & Materials/LiberationSans SDF.asset using Guid(8f586378b4e144a9851e7b34d9b748ee) Importer(815301076,1909f56bfc062723c751e8b465ee728b)  -> (artifact id: 'c7275e98563d955b6e4f7cef91de774b') in 0.191764 seconds
Number of updated asset objects reloaded before import = 0
Number of asset objects unloaded after import = 10
========================================================================
Received Import Request.
  Time since last request: 0.000021 seconds.
  path: Assets/TextMesh Pro/Resources/Fonts & Materials/LiberationSans SDF - Outline.mat
  artifactKey: Guid(79459efec17a4d00a321bdcc27bbc385) Importer(815301076,1909f56bfc062723c751e8b465ee728b)
Start importing Assets/TextMesh Pro/Resources/Fonts & Materials/LiberationSans SDF - Outline.mat using Guid(79459efec17a4d00a321bdcc27bbc385) Importer(815301076,1909f56bfc062723c751e8b465ee728b)  -> (artifact id: '362c881af3c45cdfa310b387d6c2c2dc') in 0.090183 seconds
Number of updated asset objects reloaded before import = 0
Number of asset objects unloaded after import = 3
========================================================================
Received Import Request.
  Time since last request: 0.000025 seconds.
  path: Assets/TextMesh Pro/Resources/Fonts & Materials/LiberationSans SDF - Fallback.asset
  artifactKey: Guid(2e498d1c8094910479dc3e1b768306a4) Importer(815301076,1909f56bfc062723c751e8b465ee728b)
Start importing Assets/TextMesh Pro/Resources/Fonts & Materials/LiberationSans SDF - Fallback.asset using Guid(2e498d1c8094910479dc3e1b768306a4) Importer(815301076,1909f56bfc062723c751e8b465ee728b)  -> (artifact id: 'dc685769aca6f57e70cf2c68a0db1a46') in 0.028261 seconds
Number of updated asset objects reloaded before import = 0
Number of asset objects unloaded after import = 7
========================================================================
Received Import Request.
  Time since last request: 337.747253 seconds.
  path: Assets/Fonts/RubikWetPaint-Regular SDF.asset
  artifactKey: Guid(2db91758cc8eed045bc0dc084cf5148a) Importer(815301076,1909f56bfc062723c751e8b465ee728b)
Start importing Assets/Fonts/RubikWetPaint-Regular SDF.asset using Guid(2db91758cc8eed045bc0dc084cf5148a) Importer(815301076,1909f56bfc062723c751e8b465ee728b) Shader 'TextMeshPro/Distance Field': fallback shader 'TextMeshPro/Mobile/Distance Field' not found
 -> (artifact id: '17e11f4d77671e37a2bb63bb98fd5b70') in 0.151542 seconds
Number of updated asset objects reloaded before import = 0
Number of asset objects unloaded after import = 7
========================================================================
Received Import Request.
  Time since last request: 1020.197898 seconds.
  path: Assets/Sprites/button_icon_01.png
  artifactKey: Guid(ff755b52f685e1c42b7fea15cb7291f3) Importer(815301076,1909f56bfc062723c751e8b465ee728b)
Start importing Assets/Sprites/button_icon_01.png using Guid(ff755b52f685e1c42b7fea15cb7291f3) Importer(815301076,1909f56bfc062723c751e8b465ee728b)  -> (artifact id: '79d8e22fda8d4154d770ebd358974fd5') in 0.039048 seconds
Number of updated asset objects reloaded before import = 0
Number of asset objects unloaded after import = 2
========================================================================
Received Import Request.
  Time since last request: 4.135992 seconds.
  path: Assets/Sprites/button_icon_01.png
  artifactKey: Guid(ff755b52f685e1c42b7fea15cb7291f3) Importer(815301076,1909f56bfc062723c751e8b465ee728b)
Start importing Assets/Sprites/button_icon_01.png using Guid(ff755b52f685e1c42b7fea15cb7291f3) Importer(815301076,1909f56bfc062723c751e8b465ee728b)  -> (artifact id: 'c0df0d27637daaa0589e035e8319717d') in 0.032775 seconds
Number of updated asset objects reloaded before import = 0
Number of asset objects unloaded after import = 3
========================================================================
Received Prepare
Begin MonoManager ReloadAssembly
- Loaded All Assemblies, in  1.609 seconds
Refreshing native plugins compatible for Editor in 4.70 ms, found 3 plugins.
Native extension for WindowsStandalone target not found
Native extension for Android target not found
[Package Manager] Server::EnsureServerProcessIsRunning -- launch failed, reason: Unity was launched with the -noUpm command-line argument
[Package Manager] UpmClient::Send -- Unable to send message (not connected to UPM process).
[Package Manager] Cannot connect to Unity Package Manager local server
Mono: successfully reloaded assembly
- Finished resetting the current domain, in  2.251 seconds
Domain Reload Profiling: 3855ms
	BeginReloadAssembly (791ms)
		ExecutionOrderSort (0ms)
		DisableScriptedObjects (31ms)
		BackupInstance (0ms)
		ReleaseScriptingObjects (1ms)
		CreateAndSetChildDomain (432ms)
	RebuildCommonClasses (57ms)
	RebuildNativeTypeToScriptingClass (20ms)
	initialDomainReloadingComplete (62ms)
	LoadAllAssembliesAndSetupDomain (673ms)
		LoadAssemblies (855ms)
		RebuildTransferFunctionScriptingTraits (0ms)
		AnalyzeDomain (33ms)
			TypeCache.Refresh (21ms)
				TypeCache.ScanAssembly (0ms)
			ScanForSourceGeneratedMonoScriptInfo (1ms)
			ResolveRequiredComponents (10ms)
	FinalizeReload (2252ms)
		ReleaseScriptCaches (0ms)
		RebuildScriptCaches (0ms)
		SetupLoadedEditorAssemblies (710ms)
			LogAssemblyErrors (0ms)
			InitializePlatformSupportModulesInManaged (53ms)
			SetLoadedEditorAssemblies (8ms)
			RefreshPlugins (0ms)
			BeforeProcessingInitializeOnLoad (147ms)
			ProcessInitializeOnLoadAttributes (458ms)
			ProcessInitializeOnLoadMethodAttributes (32ms)
			AfterProcessingInitializeOnLoad (12ms)
			EditorAssembliesLoaded (0ms)
		ExecutionOrderSort2 (0ms)
		AwakeInstancesAfterBackupRestoration (10ms)
Refreshing native plugins compatible for Editor in 3.50 ms, found 3 plugins.
Preloading 0 native plugins for Editor in 0.00 ms.
Unloading 3080 Unused Serialized files (Serialized files now loaded: 0)
Unloading 33 unused Assets / (0.6 MB). Loaded Objects now: 3598.
Memory consumption went from 122.4 MB to 121.8 MB.
Total: 5.623800 ms (FindLiveObjects: 0.325600 ms CreateObjectMapping: 0.296900 ms MarkObjects: 4.674800 ms  DeleteObjects: 0.325300 ms)

Prepare: number of updated asset objects reloaded= 0
AssetImportParameters requested are different than current active one (requested -> active):
  custom:container-demuxer-ogg: 62fdf1f143b41e24485cea50d1cbac27 -> 
  custom:video-decoder-ogg-theora: a1e56fd34408186e4bbccfd4996cb3dc -> 
  custom:framework-win-MediaFoundation: 216162199b28c13a410421893ffa2e32 -> 
  custom:CustomObjectIndexerAttribute: 756ad292c208cfabdd7b50bc23989ffe -> 
  custom:container-demuxer-webm: 4f35f7cbe854078d1ac9338744f61a02 -> 
  custom:container-muxer-webm: aa71ff27fc2769a1b78a27578f13a17b -> 
  custom:video-decoder-webm-vp8: 9c59270c3fd7afecdb556c50c9e8de78 -> 
  custom:SearchIndexIgnoredProperties: e643bd26f0fe6173181afceb89e7c659 -> 
  custom:AudioImporter_EditorPlatform: d09bf68614088b80899f8185d706f6e7 -> 
  custom:video-encoder-webm-vp8: eb34c28f22e8b96e1ab97ce403110664 -> 
  custom:audio-decoder-ogg-vorbis: bf7c407c2cedff20999df2af8eb42d56 -> 
  custom:audio-encoder-webm-vorbis: bf7c407c2cedff20999df2af8eb42d56 -> 
========================================================================
Received Import Request.
  Time since last request: 75.437194 seconds.
  path: Assets/Sprites/Background_image_01.jpg
  artifactKey: Guid(cc0f4e594764b6847af07ce665dee1ec) Importer(815301076,1909f56bfc062723c751e8b465ee728b)
Start importing Assets/Sprites/Background_image_01.jpg using Guid(cc0f4e594764b6847af07ce665dee1ec) Importer(815301076,1909f56bfc062723c751e8b465ee728b)  -> (artifact id: 'c15c2a1338540ff77e09adc9e78f3f91') in 0.112836 seconds
Number of updated asset objects reloaded before import = 0
Number of asset objects unloaded after import = 3
========================================================================
Received Import Request.
  Time since last request: 311.580897 seconds.
  path: Assets/Collection Dice set for role-playing games/Prefabs
  artifactKey: Guid(08f916f965545b44794dacb010f37101) Importer(815301076,1909f56bfc062723c751e8b465ee728b)
Start importing Assets/Collection Dice set for role-playing games/Prefabs using Guid(08f916f965545b44794dacb010f37101) Importer(815301076,1909f56bfc062723c751e8b465ee728b)  -> (artifact id: 'af4981a748741444162de4d634bb8a3a') in 0.001099 seconds
Number of updated asset objects reloaded before import = 0
Number of asset objects unloaded after import = 0
========================================================================
Received Import Request.
  Time since last request: 0.069933 seconds.
  path: Assets/Collection Dice set for role-playing games/Prefabs/Dice_d20.prefab
  artifactKey: Guid(78ee2af48c37ffa409b99fdd19a582e8) Importer(815301076,1909f56bfc062723c751e8b465ee728b)
Start importing Assets/Collection Dice set for role-playing games/Prefabs/Dice_d20.prefab using Guid(78ee2af48c37ffa409b99fdd19a582e8) Importer(815301076,1909f56bfc062723c751e8b465ee728b)  -> (artifact id: 'b483ec6493048a373ad0aba4b55f4249') in 0.478718 seconds
Number of updated asset objects reloaded before import = 0
Number of asset objects unloaded after import = 15
========================================================================
Received Import Request.
  Time since last request: 80.494397 seconds.
  path: Assets/Collection Dice set for role-playing games/Dice_d20/Textures
  artifactKey: Guid(707474a816b48f04ab6e674a9d572c9d) Importer(815301076,1909f56bfc062723c751e8b465ee728b)
Start importing Assets/Collection Dice set for role-playing games/Dice_d20/Textures using Guid(707474a816b48f04ab6e674a9d572c9d) Importer(815301076,1909f56bfc062723c751e8b465ee728b)  -> (artifact id: 'c1db7d889629836364c820fdb71f0873') in 0.001255 seconds
Number of updated asset objects reloaded before import = 0
Number of asset objects unloaded after import = 0
========================================================================
Received Import Request.
  Time since last request: 1.454278 seconds.
  path: Assets/Collection Dice set for role-playing games/Dice_d20/Textures/2k
  artifactKey: Guid(1705c59d03cd55441b4c6f7710854c85) Importer(815301076,1909f56bfc062723c751e8b465ee728b)
Start importing Assets/Collection Dice set for role-playing games/Dice_d20/Textures/2k using Guid(1705c59d03cd55441b4c6f7710854c85) Importer(815301076,1909f56bfc062723c751e8b465ee728b)  -> (artifact id: '94d28411ff20e4455d36c86c7d3a722b') in 0.000579 seconds
Number of updated asset objects reloaded before import = 0
Number of asset objects unloaded after import = 0
========================================================================
Received Import Request.
  Time since last request: 1.029972 seconds.
  path: Assets/Collection Dice set for role-playing games/Dice_d20/Textures/2k/Plastic Glossy Pure blue
  artifactKey: Guid(93f7dce68fa74d34b9e617685bc9e7c3) Importer(815301076,1909f56bfc062723c751e8b465ee728b)
Start importing Assets/Collection Dice set for role-playing games/Dice_d20/Textures/2k/Plastic Glossy Pure blue using Guid(93f7dce68fa74d34b9e617685bc9e7c3) Importer(815301076,1909f56bfc062723c751e8b465ee728b)  -> (artifact id: '533cd168b6e5a97be399f58be320422e') in 0.000578 seconds
Number of updated asset objects reloaded before import = 0
Number of asset objects unloaded after import = 0
========================================================================
Received Import Request.
  Time since last request: 0.903126 seconds.
  path: Assets/Collection Dice set for role-playing games/Dice_d20/Textures/2k/Plastic Glossy Pure red
  artifactKey: Guid(4d157dcef340a554593f594ef74b30fe) Importer(815301076,1909f56bfc062723c751e8b465ee728b)
Start importing Assets/Collection Dice set for role-playing games/Dice_d20/Textures/2k/Plastic Glossy Pure red using Guid(4d157dcef340a554593f594ef74b30fe) Importer(815301076,1909f56bfc062723c751e8b465ee728b)  -> (artifact id: '064fa4885b9271ca1aa3163320ae609e') in 0.000606 seconds
Number of updated asset objects reloaded before import = 0
Number of asset objects unloaded after import = 0
========================================================================
Received Import Request.
  Time since last request: 1.820149 seconds.
  path: Assets/Collection Dice set for role-playing games/Dice_d20/Materials/2k
  artifactKey: Guid(add2c527be0589041aa6778d6243cd7a) Importer(815301076,1909f56bfc062723c751e8b465ee728b)
Start importing Assets/Collection Dice set for role-playing games/Dice_d20/Materials/2k using Guid(add2c527be0589041aa6778d6243cd7a) Importer(815301076,1909f56bfc062723c751e8b465ee728b)  -> (artifact id: 'f0cb781904bc4318032c3d1beb4a3ffb') in 0.000502 seconds
Number of updated asset objects reloaded before import = 0
Number of asset objects unloaded after import = 0
========================================================================
Received Import Request.
  Time since last request: 0.128001 seconds.
  path: Assets/Collection Dice set for role-playing games/Dice_d20/Materials/2k/d20 Plastic Glossy Pure blue 2k.mat
  artifactKey: Guid(fa003f39e3ab0fe4788671df14945c56) Importer(815301076,1909f56bfc062723c751e8b465ee728b)
Start importing Assets/Collection Dice set for role-playing games/Dice_d20/Materials/2k/d20 Plastic Glossy Pure blue 2k.mat using Guid(fa003f39e3ab0fe4788671df14945c56) Importer(815301076,1909f56bfc062723c751e8b465ee728b)  -> (artifact id: 'b26a5bea33283413c694d53b7413f922') in 0.067725 seconds
Number of updated asset objects reloaded before import = 0
Number of asset objects unloaded after import = 7
========================================================================
Received Import Request.
  Time since last request: 0.000020 seconds.
  path: Assets/Collection Dice set for role-playing games/Dice_d20/Materials/2k/d20 Plastic Rough Scratched red 2k.mat
  artifactKey: Guid(c39bbb9a1c4402f42ae0aef1aa566412) Importer(815301076,1909f56bfc062723c751e8b465ee728b)
Start importing Assets/Collection Dice set for role-playing games/Dice_d20/Materials/2k/d20 Plastic Rough Scratched red 2k.mat using Guid(c39bbb9a1c4402f42ae0aef1aa566412) Importer(815301076,1909f56bfc062723c751e8b465ee728b)  -> (artifact id: '451ae387e367b28eb65d660b380d1d0c') in 0.076853 seconds
Number of updated asset objects reloaded before import = 0
Number of asset objects unloaded after import = 7
========================================================================
Received Import Request.
  Time since last request: 0.000014 seconds.
  path: Assets/Collection Dice set for role-playing games/Dice_d20/Materials/2k/d20 Plastic Glossy Pure write 2k.mat
  artifactKey: Guid(5cd8b32b8b4ca2d48b6c4d75c76f2d90) Importer(815301076,1909f56bfc062723c751e8b465ee728b)
Start importing Assets/Collection Dice set for role-playing games/Dice_d20/Materials/2k/d20 Plastic Glossy Pure write 2k.mat using Guid(5cd8b32b8b4ca2d48b6c4d75c76f2d90) Importer(815301076,1909f56bfc062723c751e8b465ee728b)  -> (artifact id: '1783f521845068224f8e52cded793948') in 0.039222 seconds
Number of updated asset objects reloaded before import = 0
Number of asset objects unloaded after import = 7
========================================================================
Received Import Request.
  Time since last request: 0.000018 seconds.
  path: Assets/Collection Dice set for role-playing games/Dice_d20/Materials/2k/d20 Plastic Rough Scratched blue 2k.mat
  artifactKey: Guid(952bbdb952d8f1e469baf6e822ac68a6) Importer(815301076,1909f56bfc062723c751e8b465ee728b)
Start importing Assets/Collection Dice set for role-playing games/Dice_d20/Materials/2k/d20 Plastic Rough Scratched blue 2k.mat using Guid(952bbdb952d8f1e469baf6e822ac68a6) Importer(815301076,1909f56bfc062723c751e8b465ee728b)  -> (artifact id: 'eed273e349a18ff810745ea7fddc224e') in 0.041696 seconds
Number of updated asset objects reloaded before import = 0
Number of asset objects unloaded after import = 7
========================================================================
Received Import Request.
  Time since last request: 493.302734 seconds.
  path: Assets/Collection Dice set for role-playing games/Dice_d20/Materials/2k/d20 Plastic Glossy Pure write 2k 1.mat
  artifactKey: Guid(d3bc537035a4c844ab68d18d378ce377) Importer(815301076,1909f56bfc062723c751e8b465ee728b)
Start importing Assets/Collection Dice set for role-playing games/Dice_d20/Materials/2k/d20 Plastic Glossy Pure write 2k 1.mat using Guid(d3bc537035a4c844ab68d18d378ce377) Importer(815301076,1909f56bfc062723c751e8b465ee728b)  -> (artifact id: 'cca1ed4516d1082315c9ad995679c6e9') in 0.033640 seconds
Number of updated asset objects reloaded before import = 0
Number of asset objects unloaded after import = 7
========================================================================
Received Import Request.
  Time since last request: 12.459829 seconds.
  path: Assets/Collection Dice set for role-playing games/Dice_d20/Materials/2k/d20 Plastic Glossy Pure green 2k.mat
  artifactKey: Guid(d3bc537035a4c844ab68d18d378ce377) Importer(815301076,1909f56bfc062723c751e8b465ee728b)
Start importing Assets/Collection Dice set for role-playing games/Dice_d20/Materials/2k/d20 Plastic Glossy Pure green 2k.mat using Guid(d3bc537035a4c844ab68d18d378ce377) Importer(815301076,1909f56bfc062723c751e8b465ee728b)  -> (artifact id: '9277dc3753305bf7e810f8db0f024796') in 0.036224 seconds
Number of updated asset objects reloaded before import = 0
Number of asset objects unloaded after import = 7
========================================================================
Received Import Request.
  Time since last request: 1396.691168 seconds.
  path: Assets/Collection Dice set for role-playing games/Dice_d20/Materials/2k/d20 Plastic Glossy Pure green 2k.mat
  artifactKey: Guid(d3bc537035a4c844ab68d18d378ce377) Importer(815301076,1909f56bfc062723c751e8b465ee728b)
Start importing Assets/Collection Dice set for role-playing games/Dice_d20/Materials/2k/d20 Plastic Glossy Pure green 2k.mat using Guid(d3bc537035a4c844ab68d18d378ce377) Importer(815301076,1909f56bfc062723c751e8b465ee728b)  -> (artifact id: 'd263d36c985c84edde81d335271efef4') in 0.075807 seconds
Number of updated asset objects reloaded before import = 0
Number of asset objects unloaded after import = 7
========================================================================
Received Import Request.
  Time since last request: 51.070696 seconds.
  path: Assets/Collection Dice set for role-playing games/Dice_d20/Textures/2k/Plastic Glossy Pure write
  artifactKey: Guid(dd32bb4501e36cb499c9a1ce60381a89) Importer(815301076,1909f56bfc062723c751e8b465ee728b)
Start importing Assets/Collection Dice set for role-playing games/Dice_d20/Textures/2k/Plastic Glossy Pure write using Guid(dd32bb4501e36cb499c9a1ce60381a89) Importer(815301076,1909f56bfc062723c751e8b465ee728b)  -> (artifact id: '809e9a8bda291077d5de10ad65fe42f0') in 0.001085 seconds
Number of updated asset objects reloaded before import = 0
Number of asset objects unloaded after import = 0
========================================================================
Received Import Request.
  Time since last request: 1.116154 seconds.
  path: Assets/Collection Dice set for role-playing games/Dice_d20/Textures/2k/Plastic Rough Scratched blue
  artifactKey: Guid(41950425c1ff8ac429ca09977739d97f) Importer(815301076,1909f56bfc062723c751e8b465ee728b)
Start importing Assets/Collection Dice set for role-playing games/Dice_d20/Textures/2k/Plastic Rough Scratched blue using Guid(41950425c1ff8ac429ca09977739d97f) Importer(815301076,1909f56bfc062723c751e8b465ee728b)  -> (artifact id: 'efaefef67b1c70702120131d1b69a2d2') in 0.010542 seconds
Number of updated asset objects reloaded before import = 0
Number of asset objects unloaded after import = 0
========================================================================
Received Import Request.
  Time since last request: 0.886014 seconds.
  path: Assets/Collection Dice set for role-playing games/Dice_d20/Textures/2k/Plastic Glossy Pure write/Dice_d20_LP_Albedo.png
  artifactKey: Guid(e55864e25ccc63b4283dcc58d915b78a) Importer(815301076,1909f56bfc062723c751e8b465ee728b)
Start importing Assets/Collection Dice set for role-playing games/Dice_d20/Textures/2k/Plastic Glossy Pure write/Dice_d20_LP_Albedo.png using Guid(e55864e25ccc63b4283dcc58d915b78a) Importer(815301076,1909f56bfc062723c751e8b465ee728b)  -> (artifact id: '06fa69e11615cf9a835e3ca8f8223671') in 0.043658 seconds
Number of updated asset objects reloaded before import = 0
Number of asset objects unloaded after import = 2
========================================================================
Received Import Request.
  Time since last request: 0.000038 seconds.
  path: Assets/Collection Dice set for role-playing games/Dice_d20/Textures/2k/Plastic Glossy Pure write/Dice_d20_LP_Height.png
  artifactKey: Guid(ba47b2eda95b1ec4ab746c2d7f49e1d7) Importer(815301076,1909f56bfc062723c751e8b465ee728b)
Start importing Assets/Collection Dice set for role-playing games/Dice_d20/Textures/2k/Plastic Glossy Pure write/Dice_d20_LP_Height.png using Guid(ba47b2eda95b1ec4ab746c2d7f49e1d7) Importer(815301076,1909f56bfc062723c751e8b465ee728b)  -> (artifact id: '3fe55b7251d92091b49fc68ed3f7fb57') in 0.030165 seconds
Number of updated asset objects reloaded before import = 0
Number of asset objects unloaded after import = 2
========================================================================
Received Import Request.
  Time since last request: 0.000018 seconds.
  path: Assets/Collection Dice set for role-playing games/Dice_d20/Textures/2k/Plastic Glossy Pure write/Dice_d20_LP_Roughness.png
  artifactKey: Guid(dd99e8c7b36d5814694484a44009c3e5) Importer(815301076,1909f56bfc062723c751e8b465ee728b)
Start importing Assets/Collection Dice set for role-playing games/Dice_d20/Textures/2k/Plastic Glossy Pure write/Dice_d20_LP_Roughness.png using Guid(dd99e8c7b36d5814694484a44009c3e5) Importer(815301076,1909f56bfc062723c751e8b465ee728b)  -> (artifact id: '64170c9236a462f657c25bd3f79a2c7a') in 0.034017 seconds
Number of updated asset objects reloaded before import = 0
Number of asset objects unloaded after import = 2
========================================================================
Received Import Request.
  Time since last request: 0.000020 seconds.
  path: Assets/Collection Dice set for role-playing games/Dice_d20/Textures/2k/Plastic Glossy Pure write/Dice_d20_LP_Metallic.png
  artifactKey: Guid(cdd22244943cae84c851f5c0ea53177b) Importer(815301076,1909f56bfc062723c751e8b465ee728b)
Start importing Assets/Collection Dice set for role-playing games/Dice_d20/Textures/2k/Plastic Glossy Pure write/Dice_d20_LP_Metallic.png using Guid(cdd22244943cae84c851f5c0ea53177b) Importer(815301076,1909f56bfc062723c751e8b465ee728b)  -> (artifact id: 'af5319f23d72dbe735a2033901c7c672') in 0.032891 seconds
Number of updated asset objects reloaded before import = 0
Number of asset objects unloaded after import = 2
========================================================================
Received Import Request.
  Time since last request: 0.000040 seconds.
  path: Assets/Collection Dice set for role-playing games/Dice_d20/Textures/2k/Plastic Glossy Pure write/Dice_d20_LP_Normal.png
  artifactKey: Guid(cc853c6c72fd52148bffee4722a8ee9a) Importer(815301076,1909f56bfc062723c751e8b465ee728b)
Start importing Assets/Collection Dice set for role-playing games/Dice_d20/Textures/2k/Plastic Glossy Pure write/Dice_d20_LP_Normal.png using Guid(cc853c6c72fd52148bffee4722a8ee9a) Importer(815301076,1909f56bfc062723c751e8b465ee728b)  -> (artifact id: 'e6716524950e4e820546fd312ca93bb4') in 0.062154 seconds
Number of updated asset objects reloaded before import = 0
Number of asset objects unloaded after import = 2
========================================================================
Received Import Request.
  Time since last request: 268.940478 seconds.
  path: Assets/Collection Dice set for role-playing games/Dice_d20/Textures/2k/Plastic Glossy Pure blue/Dice_d20_LP_Albedo.png
  artifactKey: Guid(42a49a3d5d5c8624199c077edbbb55ea) Importer(815301076,1909f56bfc062723c751e8b465ee728b)
Start importing Assets/Collection Dice set for role-playing games/Dice_d20/Textures/2k/Plastic Glossy Pure blue/Dice_d20_LP_Albedo.png using Guid(42a49a3d5d5c8624199c077edbbb55ea) Importer(815301076,1909f56bfc062723c751e8b465ee728b)  -> (artifact id: '234fb56aa3e37745f6531bc8b2f04d8e') in 0.071847 seconds
Number of updated asset objects reloaded before import = 0
Number of asset objects unloaded after import = 2
========================================================================
Received Import Request.
  Time since last request: 0.000038 seconds.
  path: Assets/Collection Dice set for role-playing games/Dice_d20/Textures/2k/Plastic Glossy Pure blue/Dice_d20_LP_Roughness.png
  artifactKey: Guid(2c39e1518709f0242ada61f609d1d1e7) Importer(815301076,1909f56bfc062723c751e8b465ee728b)
Start importing Assets/Collection Dice set for role-playing games/Dice_d20/Textures/2k/Plastic Glossy Pure blue/Dice_d20_LP_Roughness.png using Guid(2c39e1518709f0242ada61f609d1d1e7) Importer(815301076,1909f56bfc062723c751e8b465ee728b)  -> (artifact id: '25484dfaaf734dd6d2a3ddd3de4e1656') in 0.020630 seconds
Number of updated asset objects reloaded before import = 0
Number of asset objects unloaded after import = 2
========================================================================
Received Import Request.
  Time since last request: 0.000043 seconds.
  path: Assets/Collection Dice set for role-playing games/Dice_d20/Textures/2k/Plastic Glossy Pure blue/Dice_d20_LP_Height.png
  artifactKey: Guid(52f98de0aacbe254b9d3690973021c0d) Importer(815301076,1909f56bfc062723c751e8b465ee728b)
Start importing Assets/Collection Dice set for role-playing games/Dice_d20/Textures/2k/Plastic Glossy Pure blue/Dice_d20_LP_Height.png using Guid(52f98de0aacbe254b9d3690973021c0d) Importer(815301076,1909f56bfc062723c751e8b465ee728b)  -> (artifact id: '7cd55c16d069ece1197cc3abe6e6b8bf') in 0.021159 seconds
Number of updated asset objects reloaded before import = 0
Number of asset objects unloaded after import = 2
========================================================================
Received Import Request.
  Time since last request: 29.265484 seconds.
  path: Assets/Collection Dice set for role-playing games/Dice_d20/dice_mat.mat
  artifactKey: Guid(d3bc537035a4c844ab68d18d378ce377) Importer(815301076,1909f56bfc062723c751e8b465ee728b)
Start importing Assets/Collection Dice set for role-playing games/Dice_d20/dice_mat.mat using Guid(d3bc537035a4c844ab68d18d378ce377) Importer(815301076,1909f56bfc062723c751e8b465ee728b)  -> (artifact id: 'a6d698cfd2eb8c0d9641a0131ed918cd') in 0.030359 seconds
Number of updated asset objects reloaded before import = 0
Number of asset objects unloaded after import = 7
========================================================================
Received Import Request.
  Time since last request: 10.149048 seconds.
  path: Assets/Collection Dice set for role-playing games/Dice_d20/Meshes/Dice_d20.fbx
  artifactKey: Guid(28afd878ef5757b438c661544bc0c0d6) Importer(815301076,1909f56bfc062723c751e8b465ee728b)
Start importing Assets/Collection Dice set for role-playing games/Dice_d20/Meshes/Dice_d20.fbx using Guid(28afd878ef5757b438c661544bc0c0d6) Importer(815301076,1909f56bfc062723c751e8b465ee728b)  -> (artifact id: '1e2e4450abe7bdcf0a427d564e2b1ee9') in 0.423338 seconds
Number of updated asset objects reloaded before import = 0
Number of asset objects unloaded after import = 8
========================================================================
Received Import Request.
  Time since last request: 5.058602 seconds.
  path: Assets/Collection Dice set for role-playing games/Dice_d20/Materials
  artifactKey: Guid(c5af52d11819b234ead71b7aec9b5a8a) Importer(815301076,1909f56bfc062723c751e8b465ee728b)
Start importing Assets/Collection Dice set for role-playing games/Dice_d20/Materials using Guid(c5af52d11819b234ead71b7aec9b5a8a) Importer(815301076,1909f56bfc062723c751e8b465ee728b)  -> (artifact id: 'dd58a09f27e115538da8f3751e5d59e6') in 0.000749 seconds
Number of updated asset objects reloaded before import = 0
Number of asset objects unloaded after import = 0
========================================================================
Received Import Request.
  Time since last request: 1.629082 seconds.
  path: Assets/Collection Dice set for role-playing games/Dice_d20/Meshes
  artifactKey: Guid(f1d70fbb56334f44bb5b02d2db83abfb) Importer(815301076,1909f56bfc062723c751e8b465ee728b)
Start importing Assets/Collection Dice set for role-playing games/Dice_d20/Meshes using Guid(f1d70fbb56334f44bb5b02d2db83abfb) Importer(815301076,1909f56bfc062723c751e8b465ee728b)  -> (artifact id: '301f365040342d76ddc817b4bbc25125') in 0.000509 seconds
Number of updated asset objects reloaded before import = 0
Number of asset objects unloaded after import = 0
========================================================================
Received Import Request.
  Time since last request: 11.630959 seconds.
  path: Assets/Collection Dice set for role-playing games/Dice_d20/Textures/512
  artifactKey: Guid(bc2f80c82e74c0a49bc20cbff8c76f84) Importer(815301076,1909f56bfc062723c751e8b465ee728b)
Start importing Assets/Collection Dice set for role-playing games/Dice_d20/Textures/512 using Guid(bc2f80c82e74c0a49bc20cbff8c76f84) Importer(815301076,1909f56bfc062723c751e8b465ee728b)  -> (artifact id: '0b225a01f36b2231ed05378cb47f9169') in 0.011237 seconds
Number of updated asset objects reloaded before import = 0
Number of asset objects unloaded after import = 0
========================================================================
Received Import Request.
  Time since last request: 19.515742 seconds.
  path: Assets/Collection Dice set for role-playing games/Dice_d20/Textures/2k/Plastic Rough Scratched red
  artifactKey: Guid(4a3d5eb239c889b47ab925c34108cacc) Importer(815301076,1909f56bfc062723c751e8b465ee728b)
Start importing Assets/Collection Dice set for role-playing games/Dice_d20/Textures/2k/Plastic Rough Scratched red using Guid(4a3d5eb239c889b47ab925c34108cacc) Importer(815301076,1909f56bfc062723c751e8b465ee728b)  -> (artifact id: 'f851e6683cdb574436dba75c6cbbe2e7') in 0.001164 seconds
Number of updated asset objects reloaded before import = 0
Number of asset objects unloaded after import = 0
========================================================================
Received Import Request.
  Time since last request: 12.253782 seconds.
  path: Assets/Collection Dice set for role-playing games/Dice_d20/Textures/512/Plastic Glossy Pure blue
  artifactKey: Guid(06f41b4a0c0ad0343b6cc26bf218cf09) Importer(815301076,1909f56bfc062723c751e8b465ee728b)
Start importing Assets/Collection Dice set for role-playing games/Dice_d20/Textures/512/Plastic Glossy Pure blue using Guid(06f41b4a0c0ad0343b6cc26bf218cf09) Importer(815301076,1909f56bfc062723c751e8b465ee728b)  -> (artifact id: '1372431b76b27bc2ab65377cc75093d1') in 0.011006 seconds
Number of updated asset objects reloaded before import = 0
Number of asset objects unloaded after import = 0
========================================================================
Received Import Request.
  Time since last request: 0.380940 seconds.
  path: Assets/Collection Dice set for role-playing games/Dice_d20/Textures/512/Plastic Glossy Pure write
  artifactKey: Guid(5278dc8dc1d34de459d459e6fcfe2576) Importer(815301076,1909f56bfc062723c751e8b465ee728b)
Start importing Assets/Collection Dice set for role-playing games/Dice_d20/Textures/512/Plastic Glossy Pure write using Guid(5278dc8dc1d34de459d459e6fcfe2576) Importer(815301076,1909f56bfc062723c751e8b465ee728b)  -> (artifact id: '40095de8132d7e93426f8bb383b65028') in 0.001269 seconds
Number of updated asset objects reloaded before import = 0
Number of asset objects unloaded after import = 0
========================================================================
Received Import Request.
  Time since last request: 0.621781 seconds.
  path: Assets/Collection Dice set for role-playing games/Dice_d20/Textures/512/Plastic Glossy Pure red
  artifactKey: Guid(f4d6fcc6094e7b14a8fd80686e1916f7) Importer(815301076,1909f56bfc062723c751e8b465ee728b)
Start importing Assets/Collection Dice set for role-playing games/Dice_d20/Textures/512/Plastic Glossy Pure red using Guid(f4d6fcc6094e7b14a8fd80686e1916f7) Importer(815301076,1909f56bfc062723c751e8b465ee728b)  -> (artifact id: '65b8e5306a573a8d6512dce541b59918') in 0.010543 seconds
Number of updated asset objects reloaded before import = 0
Number of asset objects unloaded after import = 0
========================================================================
Received Import Request.
  Time since last request: 3.686204 seconds.
  path: Assets/Collection Dice set for role-playing games/Dice_d20/Textures/512/Plastic Glossy Pure write/Dice_d20_LP_Albedo.png
  artifactKey: Guid(0a3b67e78c63b8f4e9450821dd7ca420) Importer(815301076,1909f56bfc062723c751e8b465ee728b)
Start importing Assets/Collection Dice set for role-playing games/Dice_d20/Textures/512/Plastic Glossy Pure write/Dice_d20_LP_Albedo.png using Guid(0a3b67e78c63b8f4e9450821dd7ca420) Importer(815301076,1909f56bfc062723c751e8b465ee728b)  -> (artifact id: '721c7bccfd38ae02751a1f62575d10c1') in 0.044658 seconds
Number of updated asset objects reloaded before import = 0
Number of asset objects unloaded after import = 2
========================================================================
Received Import Request.
  Time since last request: 0.000024 seconds.
  path: Assets/Collection Dice set for role-playing games/Dice_d20/Textures/512/Plastic Glossy Pure write/Dice_d20_LP_Normal.png
  artifactKey: Guid(0492c983b3dd94f4ba78b64df94e27b3) Importer(815301076,1909f56bfc062723c751e8b465ee728b)
Start importing Assets/Collection Dice set for role-playing games/Dice_d20/Textures/512/Plastic Glossy Pure write/Dice_d20_LP_Normal.png using Guid(0492c983b3dd94f4ba78b64df94e27b3) Importer(815301076,1909f56bfc062723c751e8b465ee728b)  -> (artifact id: '3f76fb9f105c734ba7684b36a6c090fd') in 0.032227 seconds
Number of updated asset objects reloaded before import = 0
Number of asset objects unloaded after import = 2
========================================================================
Received Import Request.
  Time since last request: 0.000142 seconds.
  path: Assets/Collection Dice set for role-playing games/Dice_d20/Textures/512/Plastic Glossy Pure write/Dice_d20_LP_Roughness.png
  artifactKey: Guid(a405d0c83224f1e4fadf90a1f228f4a5) Importer(815301076,1909f56bfc062723c751e8b465ee728b)
Start importing Assets/Collection Dice set for role-playing games/Dice_d20/Textures/512/Plastic Glossy Pure write/Dice_d20_LP_Roughness.png using Guid(a405d0c83224f1e4fadf90a1f228f4a5) Importer(815301076,1909f56bfc062723c751e8b465ee728b)  -> (artifact id: 'eb18d1b019c25e3f6d5211a27a702b5b') in 0.030174 seconds
Number of updated asset objects reloaded before import = 0
Number of asset objects unloaded after import = 2
========================================================================
Received Import Request.
  Time since last request: 23.113686 seconds.
  path: Assets/Fonts/RubikWetPaint-Regular SDF.asset
  artifactKey: Guid(2db91758cc8eed045bc0dc084cf5148a) Importer(815301076,1909f56bfc062723c751e8b465ee728b)
Start importing Assets/Fonts/RubikWetPaint-Regular SDF.asset using Guid(2db91758cc8eed045bc0dc084cf5148a) Importer(815301076,1909f56bfc062723c751e8b465ee728b)  -> (artifact id: '66c53272d4b717fe15b0dc9966e9b63b') in 0.110567 seconds
Number of updated asset objects reloaded before import = 0
Number of asset objects unloaded after import = 6
========================================================================
Received Import Request.
  Time since last request: 0.173305 seconds.
  path: Assets/Collection Dice set for role-playing games/Prefabs/Dice_d20.prefab
  artifactKey: Guid(78ee2af48c37ffa409b99fdd19a582e8) Importer(815301076,1909f56bfc062723c751e8b465ee728b)
Start importing Assets/Collection Dice set for role-playing games/Prefabs/Dice_d20.prefab using Guid(78ee2af48c37ffa409b99fdd19a582e8) Importer(815301076,1909f56bfc062723c751e8b465ee728b)  -> (artifact id: '907298b426693230ae25c1f66745c166') in 0.019925 seconds
Number of updated asset objects reloaded before import = 0
Number of asset objects unloaded after import = 8
========================================================================
Received Import Request.
  Time since last request: 14.626083 seconds.
  path: Assets/Collection Dice set for role-playing games/Prefabs/Dice_d20.prefab
  artifactKey: Guid(78ee2af48c37ffa409b99fdd19a582e8) Importer(815301076,1909f56bfc062723c751e8b465ee728b)
Start importing Assets/Collection Dice set for role-playing games/Prefabs/Dice_d20.prefab using Guid(78ee2af48c37ffa409b99fdd19a582e8) Importer(815301076,1909f56bfc062723c751e8b465ee728b)  -> (artifact id: '946b4ca00851a6e4fd32662bcd30876e') in 0.039048 seconds
Number of updated asset objects reloaded before import = 0
Number of asset objects unloaded after import = 15
========================================================================
Received Import Request.
  Time since last request: 41.551460 seconds.
  path: Assets/Dice_d20/Dice_prefab.prefab
  artifactKey: Guid(78ee2af48c37ffa409b99fdd19a582e8) Importer(815301076,1909f56bfc062723c751e8b465ee728b)
Start importing Assets/Dice_d20/Dice_prefab.prefab using Guid(78ee2af48c37ffa409b99fdd19a582e8) Importer(815301076,1909f56bfc062723c751e8b465ee728b)  -> (artifact id: '6a188da3b5771ca364fcef6452ffa513') in 0.023483 seconds
Number of updated asset objects reloaded before import = 0
Number of asset objects unloaded after import = 15
========================================================================
Received Import Request.
  Time since last request: 10.347827 seconds.
  path: Assets/Dice_d20/Dice_mat.mat
  artifactKey: Guid(d3bc537035a4c844ab68d18d378ce377) Importer(815301076,1909f56bfc062723c751e8b465ee728b)
Start importing Assets/Dice_d20/Dice_mat.mat using Guid(d3bc537035a4c844ab68d18d378ce377) Importer(815301076,1909f56bfc062723c751e8b465ee728b)  -> (artifact id: 'fc42f37454b4261ed631a5f8eaa8d870') in 0.028937 seconds
Number of updated asset objects reloaded before import = 0
Number of asset objects unloaded after import = 7
========================================================================
Received Import Request.
  Time since last request: 5.269047 seconds.
  path: Assets/Dice_d20/Dice_mesh.fbx
  artifactKey: Guid(28afd878ef5757b438c661544bc0c0d6) Importer(815301076,1909f56bfc062723c751e8b465ee728b)
Start importing Assets/Dice_d20/Dice_mesh.fbx using Guid(28afd878ef5757b438c661544bc0c0d6) Importer(815301076,1909f56bfc062723c751e8b465ee728b)  -> (artifact id: 'dc25147e99e53ed9075291d8c56ff9c0') in 0.030091 seconds
Number of updated asset objects reloaded before import = 0
Number of asset objects unloaded after import = 8
========================================================================
Received Import Request.
  Time since last request: 6.834286 seconds.
  path: Assets/Dice_d20
  artifactKey: Guid(13807649c312c2442abc60cc29a54dbf) Importer(815301076,1909f56bfc062723c751e8b465ee728b)
Start importing Assets/Dice_d20 using Guid(13807649c312c2442abc60cc29a54dbf) Importer(815301076,1909f56bfc062723c751e8b465ee728b)  -> (artifact id: '401d1c136a284c8cde8b65ba835e487d') in 0.000645 seconds
Number of updated asset objects reloaded before import = 0
Number of asset objects unloaded after import = 0
========================================================================
Received Import Request.
  Time since last request: 52.198482 seconds.
  path: Assets/Dice_d20/Dice_prefab.prefab
  artifactKey: Guid(78ee2af48c37ffa409b99fdd19a582e8) Importer(815301076,1909f56bfc062723c751e8b465ee728b)
Start importing Assets/Dice_d20/Dice_prefab.prefab using Guid(78ee2af48c37ffa409b99fdd19a582e8) Importer(815301076,1909f56bfc062723c751e8b465ee728b)  -> (artifact id: '6cbac0dcada217c08a5c5920e4a5736a') in 0.027987 seconds
Number of updated asset objects reloaded before import = 0
Number of asset objects unloaded after import = 15
========================================================================
Received Import Request.
  Time since last request: 384.092532 seconds.
  path: Assets/Dice_d20/Dice.prefab
  artifactKey: Guid(cac0aeec6e45fc340b72031e72306a9a) Importer(815301076,1909f56bfc062723c751e8b465ee728b)
Start importing Assets/Dice_d20/Dice.prefab using Guid(cac0aeec6e45fc340b72031e72306a9a) Importer(815301076,1909f56bfc062723c751e8b465ee728b)  -> (artifact id: '196f31d55927727b4780916c7f2a285f') in 0.033515 seconds
Number of updated asset objects reloaded before import = 0
Number of asset objects unloaded after import = 17
